  project.cpp
e:\computer graphics\ray tracing\ray tracing next week\chapter_3\project\project\camera.h(17): warning C4244: “初始化”: 从“double”转换到“float”，可能丢失数据
e:\computer graphics\ray tracing\ray tracing next week\chapter_3\project\project\material.h(28): warning C4244: “初始化”: 从“double”转换到“float”，可能丢失数据
e:\computer graphics\ray tracing\ray tracing next week\chapter_3\project\project\material.h(103): warning C4244: “=”: 从“double”转换到“float”，可能丢失数据
e:\computer graphics\ray tracing\ray tracing next week\chapter_3\project\project\project.cpp(35): warning C4244: “参数”: 从“double”转换到“float”，可能丢失数据
e:\computer graphics\ray tracing\ray tracing next week\chapter_3\project\project\project.cpp(35): warning C4305: “参数”: 从“double”到“float”截断
e:\computer graphics\ray tracing\ray tracing next week\chapter_3\project\project\project.cpp(36): warning C4305: “参数”: 从“double”到“float”截断
e:\computer graphics\ray tracing\ray tracing next week\chapter_3\project\project\project.cpp(40): warning C4244: “参数”: 从“double”转换到“float”，可能丢失数据
e:\computer graphics\ray tracing\ray tracing next week\chapter_3\project\project\project.cpp(45): warning C4244: “参数”: 从“double”转换到“float”，可能丢失数据
e:\computer graphics\ray tracing\ray tracing next week\chapter_3\project\project\project.cpp(55): warning C4305: “参数”: 从“double”到“float”截断
e:\computer graphics\ray tracing\ray tracing next week\chapter_3\project\project\project.cpp(56): warning C4305: “参数”: 从“double”到“float”截断
e:\computer graphics\ray tracing\ray tracing next week\chapter_3\project\project\project.cpp(65): warning C4305: “参数”: 从“double”到“float”截断
d:\visual stdio\2017\professional\vc\tools\msvc\14.16.27023\include\memory(1801): warning C4244: “参数”: 从“_Ty”转换到“float”，可能丢失数据
          with
          [
              _Ty=double
          ]
  d:\visual stdio\2017\professional\vc\tools\msvc\14.16.27023\include\memory(1865): note: 参见对正在编译的函数 模板 实例化“std::_Ref_count_obj<_Ty>::_Ref_count_obj<double,double,vec3&,vec3&,double,std::shared_ptr<lambertian>>(double &&,double &&,vec3 &,vec3 &,double &&,std::shared_ptr<lambertian> &&)”的引用
          with
          [
              _Ty=sphere
          ]
  d:\visual stdio\2017\professional\vc\tools\msvc\14.16.27023\include\memory(1866): note: 参见对正在编译的函数 模板 实例化“std::_Ref_count_obj<_Ty>::_Ref_count_obj<double,double,vec3&,vec3&,double,std::shared_ptr<lambertian>>(double &&,double &&,vec3 &,vec3 &,double &&,std::shared_ptr<lambertian> &&)”的引用
          with
          [
              _Ty=sphere
          ]
  e:\computer graphics\ray tracing\ray tracing next week\chapter_3\project\project\project.cpp(41): note: 参见对正在编译的函数 模板 实例化“std::shared_ptr<sphere> std::make_shared<sphere,double,double,vec3&,vec3&,double,std::shared_ptr<lambertian>>(double &&,double &&,vec3 &,vec3 &,double &&,std::shared_ptr<lambertian> &&)”的引用
  project.vcxproj -> E:\Computer Graphics\Ray Tracing\Ray Tracing Next Week\chapter_3\project\x64\Debug\project.exe
